This file contains any messages produced by compilers while
running configure, to aid debugging if configure makes a mistake.

It was created by lua-leveldb configure 1.0, which was
generated by GNU Autoconf 2.69.  Invocation command line was

  $ ./configure 

## --------- ##
## Platform. ##
## --------- ##

hostname = aperture
uname -m = x86_64
uname -r = 3.6.5-1-ARCH
uname -s = Linux
uname -v = #1 SMP PREEMPT Wed Oct 31 20:57:39 CET 2012

/usr/bin/uname -p = unknown
/bin/uname -X     = unknown

/bin/arch              = unknown
/usr/bin/arch -k       = unknown
/usr/convex/getsysinfo = unknown
/usr/bin/hostinfo      = unknown
/bin/machine           = unknown
/usr/bin/oslevel       = unknown
/bin/universe          = unknown

PATH: /usr/local/bin
PATH: /usr/bin
PATH: /bin
PATH: /usr/local/sbin
PATH: /usr/sbin
PATH: /sbin
PATH: /opt/cuda/bin
PATH: /opt/metasploit
PATH: /usr/bin/vendor_perl
PATH: /usr/bin/core_perl


## ----------- ##
## Core tests. ##
## ----------- ##

configure:2291: checking for gcc
configure:2307: found /usr/bin/gcc
configure:2318: result: gcc
configure:2547: checking for C compiler version
configure:2556: gcc --version >&5
gcc (GCC) 4.7.2
Copyright (C) 2012 Free Software Foundation, Inc.
This is free software; see the source for copying conditions.  There is NO
warranty; not even for MERCHANTABILITY or FITNESS FOR A PARTICULAR PURPOSE.

configure:2567: $? = 0
configure:2556: gcc -v >&5
Using built-in specs.
COLLECT_GCC=gcc
COLLECT_LTO_WRAPPER=/usr/lib/gcc/x86_64-unknown-linux-gnu/4.7.2/lto-wrapper
Target: x86_64-unknown-linux-gnu
Configured with: /build/src/gcc-4.7.2/configure --prefix=/usr --libdir=/usr/lib --libexecdir=/usr/lib --mandir=/usr/share/man --infodir=/usr/share/info --with-bugurl=https://bugs.archlinux.org/ --enable-languages=c,c++,ada,fortran,go,lto,objc,obj-c++ --enable-shared --enable-threads=posix --with-system-zlib --enable-__cxa_atexit --disable-libunwind-exceptions --enable-clocale=gnu --disable-libstdcxx-pch --enable-libstdcxx-time --enable-gnu-unique-object --enable-linker-build-id --with-ppl --enable-cloog-backend=isl --disable-ppl-version-check --disable-cloog-version-check --enable-lto --enable-gold --enable-ld=default --enable-plugin --with-plugin-ld=ld.gold --with-linker-hash-style=gnu --disable-multilib --disable-libssp --disable-build-with-cxx --disable-build-poststage1-with-cxx --enable-checking=release
Thread model: posix
gcc version 4.7.2 (GCC) 
configure:2567: $? = 0
configure:2556: gcc -V >&5
gcc: error: unrecognized command line option '-V'
gcc: fatal error: no input files
compilation terminated.
configure:2567: $? = 1
configure:2556: gcc -qversion >&5
gcc: error: unrecognized command line option '-qversion'
gcc: fatal error: no input files
compilation terminated.
configure:2567: $? = 1
configure:2587: checking whether the C compiler works
configure:2609: gcc    conftest.c  >&5
configure:2613: $? = 0
configure:2661: result: yes
configure:2664: checking for C compiler default output file name
configure:2666: result: a.out
configure:2672: checking for suffix of executables
configure:2679: gcc -o conftest    conftest.c  >&5
configure:2683: $? = 0
configure:2705: result: 
configure:2727: checking whether we are cross compiling
configure:2735: gcc -o conftest    conftest.c  >&5
configure:2739: $? = 0
configure:2746: ./conftest
configure:2750: $? = 0
configure:2765: result: no
configure:2770: checking for suffix of object files
configure:2792: gcc -c   conftest.c >&5
configure:2796: $? = 0
configure:2817: result: o
configure:2821: checking whether we are using the GNU C compiler
configure:2840: gcc -c   conftest.c >&5
configure:2840: $? = 0
configure:2849: result: yes
configure:2858: checking whether gcc accepts -g
configure:2878: gcc -c -g  conftest.c >&5
configure:2878: $? = 0
configure:2919: result: yes
configure:2936: checking for gcc option to accept ISO C89
configure:2999: gcc  -c -g -O2  conftest.c >&5
configure:2999: $? = 0
configure:3012: result: none needed
configure:3090: checking for g++
configure:3106: found /usr/bin/g++
configure:3117: result: g++
configure:3144: checking for C++ compiler version
configure:3153: g++ --version >&5
g++ (GCC) 4.7.2
Copyright (C) 2012 Free Software Foundation, Inc.
This is free software; see the source for copying conditions.  There is NO
warranty; not even for MERCHANTABILITY or FITNESS FOR A PARTICULAR PURPOSE.

configure:3164: $? = 0
configure:3153: g++ -v >&5
Using built-in specs.
COLLECT_GCC=g++
COLLECT_LTO_WRAPPER=/usr/lib/gcc/x86_64-unknown-linux-gnu/4.7.2/lto-wrapper
Target: x86_64-unknown-linux-gnu
Configured with: /build/src/gcc-4.7.2/configure --prefix=/usr --libdir=/usr/lib --libexecdir=/usr/lib --mandir=/usr/share/man --infodir=/usr/share/info --with-bugurl=https://bugs.archlinux.org/ --enable-languages=c,c++,ada,fortran,go,lto,objc,obj-c++ --enable-shared --enable-threads=posix --with-system-zlib --enable-__cxa_atexit --disable-libunwind-exceptions --enable-clocale=gnu --disable-libstdcxx-pch --enable-libstdcxx-time --enable-gnu-unique-object --enable-linker-build-id --with-ppl --enable-cloog-backend=isl --disable-ppl-version-check --disable-cloog-version-check --enable-lto --enable-gold --enable-ld=default --enable-plugin --with-plugin-ld=ld.gold --with-linker-hash-style=gnu --disable-multilib --disable-libssp --disable-build-with-cxx --disable-build-poststage1-with-cxx --enable-checking=release
Thread model: posix
gcc version 4.7.2 (GCC) 
configure:3164: $? = 0
configure:3153: g++ -V >&5
g++: error: unrecognized command line option '-V'
g++: fatal error: no input files
compilation terminated.
configure:3164: $? = 1
configure:3153: g++ -qversion >&5
g++: error: unrecognized command line option '-qversion'
g++: fatal error: no input files
compilation terminated.
configure:3164: $? = 1
configure:3168: checking whether we are using the GNU C++ compiler
configure:3187: g++ -c   conftest.cpp >&5
configure:3187: $? = 0
configure:3196: result: yes
configure:3205: checking whether g++ accepts -g
configure:3225: g++ -c -g  conftest.cpp >&5
configure:3225: $? = 0
configure:3266: result: yes
configure:3325: checking build system type
configure:3339: result: x86_64-unknown-linux-gnu
configure:3359: checking host system type
configure:3372: result: x86_64-unknown-linux-gnu
configure:3392: checking target system type
configure:3405: result: x86_64-unknown-linux-gnu
configure:3449: checking for a BSD-compatible install
configure:3517: result: /usr/bin/install -c
configure:3528: checking whether build environment is sane
configure:3583: result: yes
configure:3734: checking for a thread-safe mkdir -p
configure:3773: result: /usr/bin/mkdir -p
configure:3780: checking for gawk
configure:3796: found /usr/bin/gawk
configure:3807: result: gawk
configure:3818: checking whether make sets $(MAKE)
configure:3840: result: yes
configure:3870: checking for style of include used by make
configure:3898: result: GNU
configure:3990: checking dependency style of gcc
configure:4101: result: gcc3
configure:4118: checking dependency style of g++
configure:4229: result: gcc3
configure:4247: checking whether gcc and cc understand -c and -o together
configure:4278: gcc -c conftest.c -o conftest2.o >&5
configure:4282: $? = 0
configure:4288: gcc -c conftest.c -o conftest2.o >&5
configure:4292: $? = 0
configure:4303: cc -c conftest.c >&5
configure:4307: $? = 0
configure:4315: cc -c conftest.c -o conftest2.o >&5
configure:4319: $? = 0
configure:4325: cc -c conftest.c -o conftest2.o >&5
configure:4329: $? = 0
configure:4347: result: yes
configure:4419: checking how to print strings
configure:4446: result: printf
configure:4467: checking for a sed that does not truncate output
configure:4531: result: /bin/sed
configure:4549: checking for grep that handles long lines and -e
configure:4607: result: /usr/bin/grep
configure:4612: checking for egrep
configure:4674: result: /usr/bin/grep -E
configure:4679: checking for fgrep
configure:4741: result: /usr/bin/grep -F
configure:4776: checking for ld used by gcc
configure:4843: result: /usr/bin/ld
configure:4850: checking if the linker (/usr/bin/ld) is GNU ld
configure:4865: result: yes
configure:4877: checking for BSD- or MS-compatible name lister (nm)
configure:4926: result: /usr/bin/nm -B
configure:5056: checking the name lister (/usr/bin/nm -B) interface
configure:5063: gcc -c -g -O2  conftest.c >&5
configure:5066: /usr/bin/nm -B "conftest.o"
configure:5069: output
0000000000000000 B some_variable
configure:5076: result: BSD nm
configure:5079: checking whether ln -s works
configure:5083: result: yes
configure:5091: checking the maximum length of command line arguments
configure:5221: result: 1572864
configure:5238: checking whether the shell understands some XSI constructs
configure:5248: result: yes
configure:5252: checking whether the shell understands "+="
configure:5258: result: yes
configure:5293: checking how to convert x86_64-unknown-linux-gnu file names to x86_64-unknown-linux-gnu format
configure:5333: result: func_convert_file_noop
configure:5340: checking how to convert x86_64-unknown-linux-gnu file names to toolchain format
configure:5360: result: func_convert_file_noop
configure:5367: checking for /usr/bin/ld option to reload object files
configure:5374: result: -r
configure:5448: checking for objdump
configure:5464: found /usr/bin/objdump
configure:5475: result: objdump
configure:5507: checking how to recognize dependent libraries
configure:5709: result: pass_all
configure:5794: checking for dlltool
configure:5824: result: no
configure:5854: checking how to associate runtime and link libraries
configure:5881: result: printf %s\n
configure:5942: checking for ar
configure:5958: found /usr/bin/ar
configure:5969: result: ar
configure:6006: checking for archiver @FILE support
configure:6023: gcc -c -g -O2  conftest.c >&5
configure:6023: $? = 0
configure:6026: ar cru libconftest.a @conftest.lst >&5
configure:6029: $? = 0
configure:6034: ar cru libconftest.a @conftest.lst >&5
ar: conftest.o: No such file or directory
configure:6037: $? = 1
configure:6049: result: @
configure:6107: checking for strip
configure:6123: found /usr/bin/strip
configure:6134: result: strip
configure:6206: checking for ranlib
configure:6222: found /usr/bin/ranlib
configure:6233: result: ranlib
configure:6335: checking command to parse /usr/bin/nm -B output from gcc object
configure:6455: gcc -c -g -O2  conftest.c >&5
configure:6458: $? = 0
configure:6462: /usr/bin/nm -B conftest.o \| sed -n -e 's/^.*[ ]\([ABCDGIRSTW][ABCDGIRSTW]*\)[ ][ ]*\([_A-Za-z][_A-Za-z0-9]*\)$/\1 \2 \2/p' | sed '/ __gnu_lto/d' \> conftest.nm
configure:6465: $? = 0
configure:6531: gcc -o conftest -g -O2   conftest.c conftstm.o >&5
configure:6534: $? = 0
configure:6572: result: ok
configure:6609: checking for sysroot
configure:6639: result: no
configure:6716: gcc -c -g -O2  conftest.c >&5
configure:6719: $? = 0
configure:6895: checking for mt
configure:6925: result: no
configure:6945: checking if : is a manifest tool
configure:6951: : '-?'
configure:6959: result: no
configure:7601: checking how to run the C preprocessor
configure:7632: gcc -E  conftest.c
configure:7632: $? = 0
configure:7646: gcc -E  conftest.c
conftest.c:11:28: fatal error: ac_nonexistent.h: No such file or directory
compilation terminated.
configure:7646: $? = 1
configure: failed program was:
| /* confdefs.h */
| #define PACKAGE_NAME "lua-leveldb"
| #define PACKAGE_TARNAME "lua-leveldb"
| #define PACKAGE_VERSION "1.0"
| #define PACKAGE_STRING "lua-leveldb 1.0"
| #define PACKAGE_BUGREPORT ""
| #define PACKAGE_URL ""
| #define PACKAGE "lua-leveldb"
| #define VERSION "1.0"
| /* end confdefs.h.  */
| #include <ac_nonexistent.h>
configure:7671: result: gcc -E
configure:7691: gcc -E  conftest.c
configure:7691: $? = 0
configure:7705: gcc -E  conftest.c
conftest.c:11:28: fatal error: ac_nonexistent.h: No such file or directory
compilation terminated.
configure:7705: $? = 1
configure: failed program was:
| /* confdefs.h */
| #define PACKAGE_NAME "lua-leveldb"
| #define PACKAGE_TARNAME "lua-leveldb"
| #define PACKAGE_VERSION "1.0"
| #define PACKAGE_STRING "lua-leveldb 1.0"
| #define PACKAGE_BUGREPORT ""
| #define PACKAGE_URL ""
| #define PACKAGE "lua-leveldb"
| #define VERSION "1.0"
| /* end confdefs.h.  */
| #include <ac_nonexistent.h>
configure:7734: checking for ANSI C header files
configure:7754: gcc -c -g -O2  conftest.c >&5
configure:7754: $? = 0
configure:7827: gcc -o conftest -g -O2   conftest.c  >&5
configure:7827: $? = 0
configure:7827: ./conftest
configure:7827: $? = 0
configure:7838: result: yes
configure:7851: checking for sys/types.h
configure:7851: gcc -c -g -O2  conftest.c >&5
configure:7851: $? = 0
configure:7851: result: yes
configure:7851: checking for sys/stat.h
configure:7851: gcc -c -g -O2  conftest.c >&5
configure:7851: $? = 0
configure:7851: result: yes
configure:7851: checking for stdlib.h
configure:7851: gcc -c -g -O2  conftest.c >&5
configure:7851: $? = 0
configure:7851: result: yes
configure:7851: checking for string.h
configure:7851: gcc -c -g -O2  conftest.c >&5
configure:7851: $? = 0
configure:7851: result: yes
configure:7851: checking for memory.h
configure:7851: gcc -c -g -O2  conftest.c >&5
configure:7851: $? = 0
configure:7851: result: yes
configure:7851: checking for strings.h
configure:7851: gcc -c -g -O2  conftest.c >&5
configure:7851: $? = 0
configure:7851: result: yes
configure:7851: checking for inttypes.h
configure:7851: gcc -c -g -O2  conftest.c >&5
configure:7851: $? = 0
configure:7851: result: yes
configure:7851: checking for stdint.h
configure:7851: gcc -c -g -O2  conftest.c >&5
configure:7851: $? = 0
configure:7851: result: yes
configure:7851: checking for unistd.h
configure:7851: gcc -c -g -O2  conftest.c >&5
configure:7851: $? = 0
configure:7851: result: yes
configure:7865: checking for dlfcn.h
configure:7865: gcc -c -g -O2  conftest.c >&5
configure:7865: $? = 0
configure:7865: result: yes
configure:8082: checking for objdir
configure:8097: result: .libs
configure:8364: checking if gcc supports -fno-rtti -fno-exceptions
configure:8382: gcc -c -g -O2  -fno-rtti -fno-exceptions conftest.c >&5
cc1: warning: command line option '-fno-rtti' is valid for C++/ObjC++ but not for C [enabled by default]
configure:8386: $? = 0
configure:8399: result: no
configure:8726: checking for gcc option to produce PIC
configure:8733: result: -fPIC -DPIC
configure:8741: checking if gcc PIC flag -fPIC -DPIC works
configure:8759: gcc -c -g -O2  -fPIC -DPIC -DPIC conftest.c >&5
configure:8763: $? = 0
configure:8776: result: yes
configure:8805: checking if gcc static flag -static works
configure:8833: result: yes
configure:8848: checking if gcc supports -c -o file.o
configure:8869: gcc -c -g -O2  -o out/conftest2.o conftest.c >&5
configure:8873: $? = 0
configure:8895: result: yes
configure:8903: checking if gcc supports -c -o file.o
configure:8950: result: yes
configure:8983: checking whether the gcc linker (/usr/bin/ld -m elf_x86_64) supports shared libraries
configure:10136: result: yes
configure:10173: checking whether -lc should be explicitly linked in
configure:10181: gcc -c -g -O2  conftest.c >&5
configure:10184: $? = 0
configure:10199: gcc -shared  -fPIC -DPIC conftest.o  -v -Wl,-soname -Wl,conftest -o conftest 2\>\&1 \| /usr/bin/grep  -lc  \>/dev/null 2\>\&1
configure:10202: $? = 0
configure:10216: result: no
configure:10376: checking dynamic linker characteristics
configure:10887: gcc -o conftest -g -O2   -Wl,-rpath -Wl,/foo conftest.c  >&5
configure:10887: $? = 0
configure:11109: result: GNU/Linux ld.so
configure:11216: checking how to hardcode library paths into programs
configure:11241: result: immediate
configure:11781: checking whether stripping libraries is possible
configure:11786: result: yes
configure:11821: checking if libtool supports shared libraries
configure:11823: result: yes
configure:11826: checking whether to build shared libraries
configure:11847: result: yes
configure:11850: checking whether to build static libraries
configure:11854: result: yes
configure:11877: checking how to run the C++ preprocessor
configure:11904: g++ -E  conftest.cpp
configure:11904: $? = 0
configure:11918: g++ -E  conftest.cpp
conftest.cpp:23:28: fatal error: ac_nonexistent.h: No such file or directory
compilation terminated.
configure:11918: $? = 1
configure: failed program was:
| /* confdefs.h */
| #define PACKAGE_NAME "lua-leveldb"
| #define PACKAGE_TARNAME "lua-leveldb"
| #define PACKAGE_VERSION "1.0"
| #define PACKAGE_STRING "lua-leveldb 1.0"
| #define PACKAGE_BUGREPORT ""
| #define PACKAGE_URL ""
| #define PACKAGE "lua-leveldb"
| #define VERSION "1.0"
| #define STDC_HEADERS 1
| #define HAVE_SYS_TYPES_H 1
| #define HAVE_SYS_STAT_H 1
| #define HAVE_STDLIB_H 1
| #define HAVE_STRING_H 1
| #define HAVE_MEMORY_H 1
| #define HAVE_STRINGS_H 1
| #define HAVE_INTTYPES_H 1
| #define HAVE_STDINT_H 1
| #define HAVE_UNISTD_H 1
| #define HAVE_DLFCN_H 1
| #define LT_OBJDIR ".libs/"
| /* end confdefs.h.  */
| #include <ac_nonexistent.h>
configure:11943: result: g++ -E
configure:11963: g++ -E  conftest.cpp
configure:11963: $? = 0
configure:11977: g++ -E  conftest.cpp
conftest.cpp:23:28: fatal error: ac_nonexistent.h: No such file or directory
compilation terminated.
configure:11977: $? = 1
configure: failed program was:
| /* confdefs.h */
| #define PACKAGE_NAME "lua-leveldb"
| #define PACKAGE_TARNAME "lua-leveldb"
| #define PACKAGE_VERSION "1.0"
| #define PACKAGE_STRING "lua-leveldb 1.0"
| #define PACKAGE_BUGREPORT ""
| #define PACKAGE_URL ""
| #define PACKAGE "lua-leveldb"
| #define VERSION "1.0"
| #define STDC_HEADERS 1
| #define HAVE_SYS_TYPES_H 1
| #define HAVE_SYS_STAT_H 1
| #define HAVE_STDLIB_H 1
| #define HAVE_STRING_H 1
| #define HAVE_MEMORY_H 1
| #define HAVE_STRINGS_H 1
| #define HAVE_INTTYPES_H 1
| #define HAVE_STDINT_H 1
| #define HAVE_UNISTD_H 1
| #define HAVE_DLFCN_H 1
| #define LT_OBJDIR ".libs/"
| /* end confdefs.h.  */
| #include <ac_nonexistent.h>
configure:12146: checking for ld used by g++
configure:12213: result: /usr/bin/ld -m elf_x86_64
configure:12220: checking if the linker (/usr/bin/ld -m elf_x86_64) is GNU ld
configure:12235: result: yes
configure:12290: checking whether the g++ linker (/usr/bin/ld -m elf_x86_64) supports shared libraries
configure:13295: result: yes
configure:13331: g++ -c -g -O2  conftest.cpp >&5
configure:13334: $? = 0
configure:13854: checking for g++ option to produce PIC
configure:13861: result: -fPIC -DPIC
configure:13869: checking if g++ PIC flag -fPIC -DPIC works
configure:13887: g++ -c -g -O2  -fPIC -DPIC -DPIC conftest.cpp >&5
configure:13891: $? = 0
configure:13904: result: yes
configure:13927: checking if g++ static flag -static works
configure:13955: result: yes
configure:13967: checking if g++ supports -c -o file.o
configure:13988: g++ -c -g -O2  -o out/conftest2.o conftest.cpp >&5
configure:13992: $? = 0
configure:14014: result: yes
configure:14019: checking if g++ supports -c -o file.o
configure:14066: result: yes
configure:14096: checking whether the g++ linker (/usr/bin/ld -m elf_x86_64) supports shared libraries
configure:14132: result: yes
configure:14273: checking dynamic linker characteristics
configure:14940: result: GNU/Linux ld.so
configure:14993: checking how to hardcode library paths into programs
configure:15018: result: immediate
configure:15229: checking that generated files are newer than configure
configure:15235: result: done
configure:15262: creating ./config.status

## ---------------------- ##
## Running config.status. ##
## ---------------------- ##

This file was extended by lua-leveldb config.status 1.0, which was
generated by GNU Autoconf 2.69.  Invocation command line was

  CONFIG_FILES    = 
  CONFIG_HEADERS  = 
  CONFIG_LINKS    = 
  CONFIG_COMMANDS = 
  $ ./config.status 

on aperture

config.status:1066: creating Makefile
config.status:1066: creating lualeveldb/Makefile
config.status:1238: executing depfiles commands
config.status:1238: executing libtool commands

## ---------------- ##
## Cache variables. ##
## ---------------- ##

ac_cv_build=x86_64-unknown-linux-gnu
ac_cv_c_compiler_gnu=yes
ac_cv_cxx_compiler_gnu=yes
ac_cv_env_CCC_set=
ac_cv_env_CCC_value=
ac_cv_env_CC_set=
ac_cv_env_CC_value=
ac_cv_env_CFLAGS_set=
ac_cv_env_CFLAGS_value=
ac_cv_env_CPPFLAGS_set=
ac_cv_env_CPPFLAGS_value=
ac_cv_env_CPP_set=
ac_cv_env_CPP_value=
ac_cv_env_CXXCPP_set=
ac_cv_env_CXXCPP_value=
ac_cv_env_CXXFLAGS_set=
ac_cv_env_CXXFLAGS_value=
ac_cv_env_CXX_set=
ac_cv_env_CXX_value=
ac_cv_env_LDFLAGS_set=
ac_cv_env_LDFLAGS_value=
ac_cv_env_LIBS_set=
ac_cv_env_LIBS_value=
ac_cv_env_build_alias_set=
ac_cv_env_build_alias_value=
ac_cv_env_host_alias_set=
ac_cv_env_host_alias_value=
ac_cv_env_target_alias_set=
ac_cv_env_target_alias_value=
ac_cv_header_dlfcn_h=yes
ac_cv_header_inttypes_h=yes
ac_cv_header_memory_h=yes
ac_cv_header_stdc=yes
ac_cv_header_stdint_h=yes
ac_cv_header_stdlib_h=yes
ac_cv_header_string_h=yes
ac_cv_header_strings_h=yes
ac_cv_header_sys_stat_h=yes
ac_cv_header_sys_types_h=yes
ac_cv_header_unistd_h=yes
ac_cv_host=x86_64-unknown-linux-gnu
ac_cv_objext=o
ac_cv_path_EGREP='/usr/bin/grep -E'
ac_cv_path_FGREP='/usr/bin/grep -F'
ac_cv_path_GREP=/usr/bin/grep
ac_cv_path_SED=/bin/sed
ac_cv_path_install='/usr/bin/install -c'
ac_cv_path_mkdir=/usr/bin/mkdir
ac_cv_prog_AWK=gawk
ac_cv_prog_CPP='gcc -E'
ac_cv_prog_CXXCPP='g++ -E'
ac_cv_prog_ac_ct_AR=ar
ac_cv_prog_ac_ct_CC=gcc
ac_cv_prog_ac_ct_CXX=g++
ac_cv_prog_ac_ct_OBJDUMP=objdump
ac_cv_prog_ac_ct_RANLIB=ranlib
ac_cv_prog_ac_ct_STRIP=strip
ac_cv_prog_cc_c89=
ac_cv_prog_cc_g=yes
ac_cv_prog_cc_gcc_c_o=yes
ac_cv_prog_cxx_g=yes
ac_cv_prog_make_make_set=yes
ac_cv_target=x86_64-unknown-linux-gnu
am_cv_CC_dependencies_compiler_type=gcc3
am_cv_CXX_dependencies_compiler_type=gcc3
lt_cv_ar_at_file=@
lt_cv_archive_cmds_need_lc=no
lt_cv_deplibs_check_method=pass_all
lt_cv_file_magic_cmd='$MAGIC_CMD'
lt_cv_file_magic_test_file=
lt_cv_ld_reload_flag=-r
lt_cv_nm_interface='BSD nm'
lt_cv_objdir=.libs
lt_cv_path_LD=/usr/bin/ld
lt_cv_path_LDCXX='/usr/bin/ld -m elf_x86_64'
lt_cv_path_NM='/usr/bin/nm -B'
lt_cv_path_mainfest_tool=no
lt_cv_prog_compiler_c_o=yes
lt_cv_prog_compiler_c_o_CXX=yes
lt_cv_prog_compiler_pic='-fPIC -DPIC'
lt_cv_prog_compiler_pic_CXX='-fPIC -DPIC'
lt_cv_prog_compiler_pic_works=yes
lt_cv_prog_compiler_pic_works_CXX=yes
lt_cv_prog_compiler_rtti_exceptions=no
lt_cv_prog_compiler_static_works=yes
lt_cv_prog_compiler_static_works_CXX=yes
lt_cv_prog_gnu_ld=yes
lt_cv_prog_gnu_ldcxx=yes
lt_cv_sharedlib_from_linklib_cmd='printf %s\n'
lt_cv_shlibpath_overrides_runpath=no
lt_cv_sys_global_symbol_pipe='sed -n -e '\''s/^.*[	 ]\([ABCDGIRSTW][ABCDGIRSTW]*\)[	 ][	 ]*\([_A-Za-z][_A-Za-z0-9]*\)$/\1 \2 \2/p'\'' | sed '\''/ __gnu_lto/d'\'''
lt_cv_sys_global_symbol_to_c_name_address='sed -n -e '\''s/^: \([^ ]*\)[ ]*$/  {\"\1\", (void *) 0},/p'\'' -e '\''s/^[ABCDGIRSTW]* \([^ ]*\) \([^ ]*\)$/  {"\2", (void *) \&\2},/p'\'''
lt_cv_sys_global_symbol_to_c_name_address_lib_prefix='sed -n -e '\''s/^: \([^ ]*\)[ ]*$/  {\"\1\", (void *) 0},/p'\'' -e '\''s/^[ABCDGIRSTW]* \([^ ]*\) \(lib[^ ]*\)$/  {"\2", (void *) \&\2},/p'\'' -e '\''s/^[ABCDGIRSTW]* \([^ ]*\) \([^ ]*\)$/  {"lib\2", (void *) \&\2},/p'\'''
lt_cv_sys_global_symbol_to_cdecl='sed -n -e '\''s/^T .* \(.*\)$/extern int \1();/p'\'' -e '\''s/^[ABCDGIRSTW]* .* \(.*\)$/extern char \1;/p'\'''
lt_cv_sys_max_cmd_len=1572864
lt_cv_to_host_file_cmd=func_convert_file_noop
lt_cv_to_tool_file_cmd=func_convert_file_noop

## ----------------- ##
## Output variables. ##
## ----------------- ##

ACLOCAL='${SHELL} /home/loki/github/lua-leveldb/missing --run aclocal-1.12'
AMDEPBACKSLASH='\'
AMDEP_FALSE='#'
AMDEP_TRUE=''
AMTAR='$${TAR-tar}'
AR='ar'
AUTOCONF='${SHELL} /home/loki/github/lua-leveldb/missing --run autoconf'
AUTOHEADER='${SHELL} /home/loki/github/lua-leveldb/missing --run autoheader'
AUTOMAKE='${SHELL} /home/loki/github/lua-leveldb/missing --run automake-1.12'
AWK='gawk'
CC='gcc'
CCDEPMODE='depmode=gcc3'
CFLAGS='-g -O2'
CPP='gcc -E'
CPPFLAGS=''
CXX='g++'
CXXCPP='g++ -E'
CXXDEPMODE='depmode=gcc3'
CXXFLAGS='-g -O2'
CYGPATH_W='echo'
DEFS='-DPACKAGE_NAME=\"lua-leveldb\" -DPACKAGE_TARNAME=\"lua-leveldb\" -DPACKAGE_VERSION=\"1.0\" -DPACKAGE_STRING=\"lua-leveldb\ 1.0\" -DPACKAGE_BUGREPORT=\"\" -DPACKAGE_URL=\"\" -DPACKAGE=\"lua-leveldb\" -DVERSION=\"1.0\" -DSTDC_HEADERS=1 -DHAVE_SYS_TYPES_H=1 -DHAVE_SYS_STAT_H=1 -DHAVE_STDLIB_H=1 -DHAVE_STRING_H=1 -DHAVE_MEMORY_H=1 -DHAVE_STRINGS_H=1 -DHAVE_INTTYPES_H=1 -DHAVE_STDINT_H=1 -DHAVE_UNISTD_H=1 -DHAVE_DLFCN_H=1 -DLT_OBJDIR=\".libs/\"'
DEPDIR='.deps'
DLLTOOL='false'
DSYMUTIL=''
DUMPBIN=''
ECHO_C=''
ECHO_N='-n'
ECHO_T=''
EGREP='/usr/bin/grep -E'
EXEEXT=''
FGREP='/usr/bin/grep -F'
GREP='/usr/bin/grep'
INSTALL_DATA='${INSTALL} -m 644'
INSTALL_PROGRAM='${INSTALL}'
INSTALL_SCRIPT='${INSTALL}'
INSTALL_STRIP_PROGRAM='$(install_sh) -c -s'
LD='/usr/bin/ld -m elf_x86_64'
LDFLAGS=''
LIBOBJS=''
LIBS=''
LIBTOOL='$(SHELL) $(top_builddir)/libtool'
LIPO=''
LN_S='ln -s'
LTLIBOBJS=''
MAKEINFO='${SHELL} /home/loki/github/lua-leveldb/missing --run makeinfo'
MANIFEST_TOOL=':'
MKDIR_P='/usr/bin/mkdir -p'
NM='/usr/bin/nm -B'
NMEDIT=''
OBJDUMP='objdump'
OBJEXT='o'
OTOOL64=''
OTOOL=''
PACKAGE='lua-leveldb'
PACKAGE_BUGREPORT=''
PACKAGE_NAME='lua-leveldb'
PACKAGE_STRING='lua-leveldb 1.0'
PACKAGE_TARNAME='lua-leveldb'
PACKAGE_URL=''
PACKAGE_VERSION='1.0'
PATH_SEPARATOR=':'
RANLIB='ranlib'
SED='/bin/sed'
SET_MAKE=''
SHELL='/bin/sh'
STRIP='strip'
VERSION='1.0'
ac_ct_AR='ar'
ac_ct_CC='gcc'
ac_ct_CXX='g++'
ac_ct_DUMPBIN=''
am__EXEEXT_FALSE=''
am__EXEEXT_TRUE='#'
am__fastdepCC_FALSE='#'
am__fastdepCC_TRUE=''
am__fastdepCXX_FALSE='#'
am__fastdepCXX_TRUE=''
am__include='include'
am__isrc=''
am__leading_dot='.'
am__nodep='_no'
am__quote=''
am__tar='$${TAR-tar} chof - "$$tardir"'
am__untar='$${TAR-tar} xf -'
bindir='${exec_prefix}/bin'
build='x86_64-unknown-linux-gnu'
build_alias=''
build_cpu='x86_64'
build_os='linux-gnu'
build_vendor='unknown'
datadir='${datarootdir}'
datarootdir='${prefix}/share'
docdir='${datarootdir}/doc/${PACKAGE_TARNAME}'
dvidir='${docdir}'
exec_prefix='${prefix}'
host='x86_64-unknown-linux-gnu'
host_alias=''
host_cpu='x86_64'
host_os='linux-gnu'
host_vendor='unknown'
htmldir='${docdir}'
includedir='${prefix}/include'
infodir='${datarootdir}/info'
install_sh='${SHELL} /home/loki/github/lua-leveldb/install-sh'
libdir='${exec_prefix}/lib'
libexecdir='${exec_prefix}/libexec'
localedir='${datarootdir}/locale'
localstatedir='${prefix}/var'
mandir='${datarootdir}/man'
mkdir_p='$(MKDIR_P)'
oldincludedir='/usr/include'
pdfdir='${docdir}'
prefix='/usr/local'
program_transform_name='s,x,x,'
psdir='${docdir}'
sbindir='${exec_prefix}/sbin'
sharedstatedir='${prefix}/com'
sysconfdir='${prefix}/etc'
target='x86_64-unknown-linux-gnu'
target_alias=''
target_cpu='x86_64'
target_os='linux-gnu'
target_vendor='unknown'

## ----------- ##
## confdefs.h. ##
## ----------- ##

/* confdefs.h */
#define PACKAGE_NAME "lua-leveldb"
#define PACKAGE_TARNAME "lua-leveldb"
#define PACKAGE_VERSION "1.0"
#define PACKAGE_STRING "lua-leveldb 1.0"
#define PACKAGE_BUGREPORT ""
#define PACKAGE_URL ""
#define PACKAGE "lua-leveldb"
#define VERSION "1.0"
#define STDC_HEADERS 1
#define HAVE_SYS_TYPES_H 1
#define HAVE_SYS_STAT_H 1
#define HAVE_STDLIB_H 1
#define HAVE_STRING_H 1
#define HAVE_MEMORY_H 1
#define HAVE_STRINGS_H 1
#define HAVE_INTTYPES_H 1
#define HAVE_STDINT_H 1
#define HAVE_UNISTD_H 1
#define HAVE_DLFCN_H 1
#define LT_OBJDIR ".libs/"

configure: exit 0

## ---------------------- ##
## Running config.status. ##
## ---------------------- ##

This file was extended by lua-leveldb config.status 1.0, which was
generated by GNU Autoconf 2.69.  Invocation command line was

  CONFIG_FILES    = 
  CONFIG_HEADERS  = 
  CONFIG_LINKS    = 
  CONFIG_COMMANDS = 
  $ ./config.status Makefile

on aperture

config.status:1066: creating Makefile
